ReferenceError: doc is not defined
    at /home/csugrads/oldin002/DuluthBikes/node/index.js:129:30
    at Layer.handle [as handle_request] (/home/csugrads/oldin002/DuluthBikes/node/node_modules/express/lib/router/layer.js:95:5)
    at next (/home/csugrads/oldin002/DuluthBikes/node/node_modules/express/lib/router/route.js:137:13)
    at Route.dispatch (/home/csugrads/oldin002/DuluthBikes/node/node_modules/express/lib/router/route.js:112:3)
    at Layer.handle [as handle_request] (/home/csugrads/oldin002/DuluthBikes/node/node_modules/express/lib/router/layer.js:95:5)
    at /home/csugrads/oldin002/DuluthBikes/node/node_modules/express/lib/router/index.js:281:22
    at Function.process_params (/home/csugrads/oldin002/DuluthBikes/node/node_modules/express/lib/router/index.js:335:12)
    at next (/home/csugrads/oldin002/DuluthBikes/node/node_modules/express/lib/router/index.js:275:10)
    at /home/csugrads/oldin002/DuluthBikes/node/node_modules/body-parser/lib/read.js:129:5
    at invokeCallback (/home/csugrads/oldin002/DuluthBikes/node/node_modules/raw-body/index.js:262:16)
ReferenceError: doc is not defined
    at /home/csugrads/oldin002/DuluthBikes/node/index.js:129:30
    at Layer.handle [as handle_request] (/home/csugrads/oldin002/DuluthBikes/node/node_modules/express/lib/router/layer.js:95:5)
    at next (/home/csugrads/oldin002/DuluthBikes/node/node_modules/express/lib/router/route.js:137:13)
    at Route.dispatch (/home/csugrads/oldin002/DuluthBikes/node/node_modules/express/lib/router/route.js:112:3)
    at Layer.handle [as handle_request] (/home/csugrads/oldin002/DuluthBikes/node/node_modules/express/lib/router/layer.js:95:5)
    at /home/csugrads/oldin002/DuluthBikes/node/node_modules/express/lib/router/index.js:281:22
    at Function.process_params (/home/csugrads/oldin002/DuluthBikes/node/node_modules/express/lib/router/index.js:335:12)
    at next (/home/csugrads/oldin002/DuluthBikes/node/node_modules/express/lib/router/index.js:275:10)
    at /home/csugrads/oldin002/DuluthBikes/node/node_modules/body-parser/lib/read.js:129:5
    at invokeCallback (/home/csugrads/oldin002/DuluthBikes/node/node_modules/raw-body/index.js:262:16)
ReferenceError: doc is not defined
    at /home/csugrads/oldin002/DuluthBikes/node/index.js:129:30
    at Layer.handle [as handle_request] (/home/csugrads/oldin002/DuluthBikes/node/node_modules/express/lib/router/layer.js:95:5)
    at next (/home/csugrads/oldin002/DuluthBikes/node/node_modules/express/lib/router/route.js:137:13)
    at Route.dispatch (/home/csugrads/oldin002/DuluthBikes/node/node_modules/express/lib/router/route.js:112:3)
    at Layer.handle [as handle_request] (/home/csugrads/oldin002/DuluthBikes/node/node_modules/express/lib/router/layer.js:95:5)
    at /home/csugrads/oldin002/DuluthBikes/node/node_modules/express/lib/router/index.js:281:22
    at Function.process_params (/home/csugrads/oldin002/DuluthBikes/node/node_modules/express/lib/router/index.js:335:12)
    at next (/home/csugrads/oldin002/DuluthBikes/node/node_modules/express/lib/router/index.js:275:10)
    at /home/csugrads/oldin002/DuluthBikes/node/node_modules/body-parser/lib/read.js:129:5
    at invokeCallback (/home/csugrads/oldin002/DuluthBikes/node/node_modules/raw-body/index.js:262:16)
ReferenceError: doc is not defined
    at /home/csugrads/oldin002/DuluthBikes/node/index.js:129:30
    at Layer.handle [as handle_request] (/home/csugrads/oldin002/DuluthBikes/node/node_modules/express/lib/router/layer.js:95:5)
    at next (/home/csugrads/oldin002/DuluthBikes/node/node_modules/express/lib/router/route.js:137:13)
    at Route.dispatch (/home/csugrads/oldin002/DuluthBikes/node/node_modules/express/lib/router/route.js:112:3)
    at Layer.handle [as handle_request] (/home/csugrads/oldin002/DuluthBikes/node/node_modules/express/lib/router/layer.js:95:5)
    at /home/csugrads/oldin002/DuluthBikes/node/node_modules/express/lib/router/index.js:281:22
    at Function.process_params (/home/csugrads/oldin002/DuluthBikes/node/node_modules/express/lib/router/index.js:335:12)
    at next (/home/csugrads/oldin002/DuluthBikes/node/node_modules/express/lib/router/index.js:275:10)
    at /home/csugrads/oldin002/DuluthBikes/node/node_modules/body-parser/lib/read.js:129:5
    at invokeCallback (/home/csugrads/oldin002/DuluthBikes/node/node_modules/raw-body/index.js:262:16)
ReferenceError: doc is not defined
    at /home/csugrads/oldin002/DuluthBikes/node/index.js:129:30
    at Layer.handle [as handle_request] (/home/csugrads/oldin002/DuluthBikes/node/node_modules/express/lib/router/layer.js:95:5)
    at next (/home/csugrads/oldin002/DuluthBikes/node/node_modules/express/lib/router/route.js:137:13)
    at Route.dispatch (/home/csugrads/oldin002/DuluthBikes/node/node_modules/express/lib/router/route.js:112:3)
    at Layer.handle [as handle_request] (/home/csugrads/oldin002/DuluthBikes/node/node_modules/express/lib/router/layer.js:95:5)
    at /home/csugrads/oldin002/DuluthBikes/node/node_modules/express/lib/router/index.js:281:22
    at Function.process_params (/home/csugrads/oldin002/DuluthBikes/node/node_modules/express/lib/router/index.js:335:12)
    at next (/home/csugrads/oldin002/DuluthBikes/node/node_modules/express/lib/router/index.js:275:10)
    at /home/csugrads/oldin002/DuluthBikes/node/node_modules/body-parser/lib/read.js:129:5
    at invokeCallback (/home/csugrads/oldin002/DuluthBikes/node/node_modules/raw-body/index.js:262:16)
ReferenceError: doc is not defined
    at /home/csugrads/oldin002/DuluthBikes/node/index.js:129:30
    at Layer.handle [as handle_request] (/home/csugrads/oldin002/DuluthBikes/node/node_modules/express/lib/router/layer.js:95:5)
    at next (/home/csugrads/oldin002/DuluthBikes/node/node_modules/express/lib/router/route.js:137:13)
    at Route.dispatch (/home/csugrads/oldin002/DuluthBikes/node/node_modules/express/lib/router/route.js:112:3)
    at Layer.handle [as handle_request] (/home/csugrads/oldin002/DuluthBikes/node/node_modules/express/lib/router/layer.js:95:5)
    at /home/csugrads/oldin002/DuluthBikes/node/node_modules/express/lib/router/index.js:281:22
    at Function.process_params (/home/csugrads/oldin002/DuluthBikes/node/node_modules/express/lib/router/index.js:335:12)
    at next (/home/csugrads/oldin002/DuluthBikes/node/node_modules/express/lib/router/index.js:275:10)
    at /home/csugrads/oldin002/DuluthBikes/node/node_modules/body-parser/lib/read.js:129:5
    at invokeCallback (/home/csugrads/oldin002/DuluthBikes/node/node_modules/raw-body/index.js:262:16)
ReferenceError: doc is not defined
    at /home/csugrads/oldin002/DuluthBikes/node/index.js:129:30
    at Layer.handle [as handle_request] (/home/csugrads/oldin002/DuluthBikes/node/node_modules/express/lib/router/layer.js:95:5)
    at next (/home/csugrads/oldin002/DuluthBikes/node/node_modules/express/lib/router/route.js:137:13)
    at Route.dispatch (/home/csugrads/oldin002/DuluthBikes/node/node_modules/express/lib/router/route.js:112:3)
    at Layer.handle [as handle_request] (/home/csugrads/oldin002/DuluthBikes/node/node_modules/express/lib/router/layer.js:95:5)
    at /home/csugrads/oldin002/DuluthBikes/node/node_modules/express/lib/router/index.js:281:22
    at Function.process_params (/home/csugrads/oldin002/DuluthBikes/node/node_modules/express/lib/router/index.js:335:12)
    at next (/home/csugrads/oldin002/DuluthBikes/node/node_modules/express/lib/router/index.js:275:10)
    at /home/csugrads/oldin002/DuluthBikes/node/node_modules/body-parser/lib/read.js:129:5
    at invokeCallback (/home/csugrads/oldin002/DuluthBikes/node/node_modules/raw-body/index.js:262:16)
ReferenceError: doc is not defined
    at /home/csugrads/oldin002/DuluthBikes/node/index.js:129:30
    at Layer.handle [as handle_request] (/home/csugrads/oldin002/DuluthBikes/node/node_modules/express/lib/router/layer.js:95:5)
    at next (/home/csugrads/oldin002/DuluthBikes/node/node_modules/express/lib/router/route.js:137:13)
    at Route.dispatch (/home/csugrads/oldin002/DuluthBikes/node/node_modules/express/lib/router/route.js:112:3)
    at Layer.handle [as handle_request] (/home/csugrads/oldin002/DuluthBikes/node/node_modules/express/lib/router/layer.js:95:5)
    at /home/csugrads/oldin002/DuluthBikes/node/node_modules/express/lib/router/index.js:281:22
    at Function.process_params (/home/csugrads/oldin002/DuluthBikes/node/node_modules/express/lib/router/index.js:335:12)
    at next (/home/csugrads/oldin002/DuluthBikes/node/node_modules/express/lib/router/index.js:275:10)
    at /home/csugrads/oldin002/DuluthBikes/node/node_modules/body-parser/lib/read.js:129:5
    at invokeCallback (/home/csugrads/oldin002/DuluthBikes/node/node_modules/raw-body/index.js:262:16)
ReferenceError: doc is not defined
    at /home/csugrads/oldin002/DuluthBikes/node/index.js:129:30
    at Layer.handle [as handle_request] (/home/csugrads/oldin002/DuluthBikes/node/node_modules/express/lib/router/layer.js:95:5)
    at next (/home/csugrads/oldin002/DuluthBikes/node/node_modules/express/lib/router/route.js:137:13)
    at Route.dispatch (/home/csugrads/oldin002/DuluthBikes/node/node_modules/express/lib/router/route.js:112:3)
    at Layer.handle [as handle_request] (/home/csugrads/oldin002/DuluthBikes/node/node_modules/express/lib/router/layer.js:95:5)
    at /home/csugrads/oldin002/DuluthBikes/node/node_modules/express/lib/router/index.js:281:22
    at Function.process_params (/home/csugrads/oldin002/DuluthBikes/node/node_modules/express/lib/router/index.js:335:12)
    at next (/home/csugrads/oldin002/DuluthBikes/node/node_modules/express/lib/router/index.js:275:10)
    at /home/csugrads/oldin002/DuluthBikes/node/node_modules/body-parser/lib/read.js:129:5
    at invokeCallback (/home/csugrads/oldin002/DuluthBikes/node/node_modules/raw-body/index.js:262:16)
ReferenceError: doc is not defined
    at /home/csugrads/oldin002/DuluthBikes/node/index.js:129:30
    at Layer.handle [as handle_request] (/home/csugrads/oldin002/DuluthBikes/node/node_modules/express/lib/router/layer.js:95:5)
    at next (/home/csugrads/oldin002/DuluthBikes/node/node_modules/express/lib/router/route.js:137:13)
    at Route.dispatch (/home/csugrads/oldin002/DuluthBikes/node/node_modules/express/lib/router/route.js:112:3)
    at Layer.handle [as handle_request] (/home/csugrads/oldin002/DuluthBikes/node/node_modules/express/lib/router/layer.js:95:5)
    at /home/csugrads/oldin002/DuluthBikes/node/node_modules/express/lib/router/index.js:281:22
    at Function.process_params (/home/csugrads/oldin002/DuluthBikes/node/node_modules/express/lib/router/index.js:335:12)
    at next (/home/csugrads/oldin002/DuluthBikes/node/node_modules/express/lib/router/index.js:275:10)
    at /home/csugrads/oldin002/DuluthBikes/node/node_modules/body-parser/lib/read.js:129:5
    at invokeCallback (/home/csugrads/oldin002/DuluthBikes/node/node_modules/raw-body/index.js:262:16)
ReferenceError: doc is not defined
    at /home/csugrads/oldin002/DuluthBikes/node/index.js:129:30
    at Layer.handle [as handle_request] (/home/csugrads/oldin002/DuluthBikes/node/node_modules/express/lib/router/layer.js:95:5)
    at next (/home/csugrads/oldin002/DuluthBikes/node/node_modules/express/lib/router/route.js:137:13)
    at Route.dispatch (/home/csugrads/oldin002/DuluthBikes/node/node_modules/express/lib/router/route.js:112:3)
    at Layer.handle [as handle_request] (/home/csugrads/oldin002/DuluthBikes/node/node_modules/express/lib/router/layer.js:95:5)
    at /home/csugrads/oldin002/DuluthBikes/node/node_modules/express/lib/router/index.js:281:22
    at Function.process_params (/home/csugrads/oldin002/DuluthBikes/node/node_modules/express/lib/router/index.js:335:12)
    at next (/home/csugrads/oldin002/DuluthBikes/node/node_modules/express/lib/router/index.js:275:10)
    at /home/csugrads/oldin002/DuluthBikes/node/node_modules/body-parser/lib/read.js:129:5
    at invokeCallback (/home/csugrads/oldin002/DuluthBikes/node/node_modules/raw-body/index.js:262:16)
ReferenceError: doc is not defined
    at /home/csugrads/oldin002/DuluthBikes/node/index.js:129:30
    at Layer.handle [as handle_request] (/home/csugrads/oldin002/DuluthBikes/node/node_modules/express/lib/router/layer.js:95:5)
    at next (/home/csugrads/oldin002/DuluthBikes/node/node_modules/express/lib/router/route.js:137:13)
    at Route.dispatch (/home/csugrads/oldin002/DuluthBikes/node/node_modules/express/lib/router/route.js:112:3)
    at Layer.handle [as handle_request] (/home/csugrads/oldin002/DuluthBikes/node/node_modules/express/lib/router/layer.js:95:5)
    at /home/csugrads/oldin002/DuluthBikes/node/node_modules/express/lib/router/index.js:281:22
    at Function.process_params (/home/csugrads/oldin002/DuluthBikes/node/node_modules/express/lib/router/index.js:335:12)
    at next (/home/csugrads/oldin002/DuluthBikes/node/node_modules/express/lib/router/index.js:275:10)
    at /home/csugrads/oldin002/DuluthBikes/node/node_modules/body-parser/lib/read.js:129:5
    at invokeCallback (/home/csugrads/oldin002/DuluthBikes/node/node_modules/raw-body/index.js:262:16)
ReferenceError: doc is not defined
    at /home/csugrads/oldin002/DuluthBikes/node/index.js:129:30
    at Layer.handle [as handle_request] (/home/csugrads/oldin002/DuluthBikes/node/node_modules/express/lib/router/layer.js:95:5)
    at next (/home/csugrads/oldin002/DuluthBikes/node/node_modules/express/lib/router/route.js:137:13)
    at Route.dispatch (/home/csugrads/oldin002/DuluthBikes/node/node_modules/express/lib/router/route.js:112:3)
    at Layer.handle [as handle_request] (/home/csugrads/oldin002/DuluthBikes/node/node_modules/express/lib/router/layer.js:95:5)
    at /home/csugrads/oldin002/DuluthBikes/node/node_modules/express/lib/router/index.js:281:22
    at Function.process_params (/home/csugrads/oldin002/DuluthBikes/node/node_modules/express/lib/router/index.js:335:12)
    at next (/home/csugrads/oldin002/DuluthBikes/node/node_modules/express/lib/router/index.js:275:10)
    at /home/csugrads/oldin002/DuluthBikes/node/node_modules/body-parser/lib/read.js:129:5
    at invokeCallback (/home/csugrads/oldin002/DuluthBikes/node/node_modules/raw-body/index.js:262:16)
ReferenceError: doc is not defined
    at /home/csugrads/oldin002/DuluthBikes/node/index.js:129:30
    at Layer.handle [as handle_request] (/home/csugrads/oldin002/DuluthBikes/node/node_modules/express/lib/router/layer.js:95:5)
    at next (/home/csugrads/oldin002/DuluthBikes/node/node_modules/express/lib/router/route.js:137:13)
    at Route.dispatch (/home/csugrads/oldin002/DuluthBikes/node/node_modules/express/lib/router/route.js:112:3)
    at Layer.handle [as handle_request] (/home/csugrads/oldin002/DuluthBikes/node/node_modules/express/lib/router/layer.js:95:5)
    at /home/csugrads/oldin002/DuluthBikes/node/node_modules/express/lib/router/index.js:281:22
    at Function.process_params (/home/csugrads/oldin002/DuluthBikes/node/node_modules/express/lib/router/index.js:335:12)
    at next (/home/csugrads/oldin002/DuluthBikes/node/node_modules/express/lib/router/index.js:275:10)
    at /home/csugrads/oldin002/DuluthBikes/node/node_modules/body-parser/lib/read.js:129:5
    at invokeCallback (/home/csugrads/oldin002/DuluthBikes/node/node_modules/raw-body/index.js:262:16)
ReferenceError: doc is not defined
    at /home/csugrads/oldin002/DuluthBikes/node/index.js:129:30
    at Layer.handle [as handle_request] (/home/csugrads/oldin002/DuluthBikes/node/node_modules/express/lib/router/layer.js:95:5)
    at next (/home/csugrads/oldin002/DuluthBikes/node/node_modules/express/lib/router/route.js:137:13)
    at Route.dispatch (/home/csugrads/oldin002/DuluthBikes/node/node_modules/express/lib/router/route.js:112:3)
    at Layer.handle [as handle_request] (/home/csugrads/oldin002/DuluthBikes/node/node_modules/express/lib/router/layer.js:95:5)
    at /home/csugrads/oldin002/DuluthBikes/node/node_modules/express/lib/router/index.js:281:22
    at Function.process_params (/home/csugrads/oldin002/DuluthBikes/node/node_modules/express/lib/router/index.js:335:12)
    at next (/home/csugrads/oldin002/DuluthBikes/node/node_modules/express/lib/router/index.js:275:10)
    at /home/csugrads/oldin002/DuluthBikes/node/node_modules/body-parser/lib/read.js:129:5
    at invokeCallback (/home/csugrads/oldin002/DuluthBikes/node/node_modules/raw-body/index.js:262:16)
ReferenceError: doc is not defined
    at /home/csugrads/oldin002/DuluthBikes/node/index.js:129:30
    at Layer.handle [as handle_request] (/home/csugrads/oldin002/DuluthBikes/node/node_modules/express/lib/router/layer.js:95:5)
    at next (/home/csugrads/oldin002/DuluthBikes/node/node_modules/express/lib/router/route.js:137:13)
    at Route.dispatch (/home/csugrads/oldin002/DuluthBikes/node/node_modules/express/lib/router/route.js:112:3)
    at Layer.handle [as handle_request] (/home/csugrads/oldin002/DuluthBikes/node/node_modules/express/lib/router/layer.js:95:5)
    at /home/csugrads/oldin002/DuluthBikes/node/node_modules/express/lib/router/index.js:281:22
    at Function.process_params (/home/csugrads/oldin002/DuluthBikes/node/node_modules/express/lib/router/index.js:335:12)
    at next (/home/csugrads/oldin002/DuluthBikes/node/node_modules/express/lib/router/index.js:275:10)
    at /home/csugrads/oldin002/DuluthBikes/node/node_modules/body-parser/lib/read.js:129:5
    at invokeCallback (/home/csugrads/oldin002/DuluthBikes/node/node_modules/raw-body/index.js:262:16)
ReferenceError: doc is not defined
    at /home/csugrads/oldin002/DuluthBikes/node/index.js:129:30
    at Layer.handle [as handle_request] (/home/csugrads/oldin002/DuluthBikes/node/node_modules/express/lib/router/layer.js:95:5)
    at next (/home/csugrads/oldin002/DuluthBikes/node/node_modules/express/lib/router/route.js:137:13)
    at Route.dispatch (/home/csugrads/oldin002/DuluthBikes/node/node_modules/express/lib/router/route.js:112:3)
    at Layer.handle [as handle_request] (/home/csugrads/oldin002/DuluthBikes/node/node_modules/express/lib/router/layer.js:95:5)
    at /home/csugrads/oldin002/DuluthBikes/node/node_modules/express/lib/router/index.js:281:22
    at Function.process_params (/home/csugrads/oldin002/DuluthBikes/node/node_modules/express/lib/router/index.js:335:12)
    at next (/home/csugrads/oldin002/DuluthBikes/node/node_modules/express/lib/router/index.js:275:10)
    at /home/csugrads/oldin002/DuluthBikes/node/node_modules/body-parser/lib/read.js:129:5
    at invokeCallback (/home/csugrads/oldin002/DuluthBikes/node/node_modules/raw-body/index.js:262:16)
ReferenceError: doc is not defined
    at /home/csugrads/oldin002/DuluthBikes/node/index.js:129:30
    at Layer.handle [as handle_request] (/home/csugrads/oldin002/DuluthBikes/node/node_modules/express/lib/router/layer.js:95:5)
    at next (/home/csugrads/oldin002/DuluthBikes/node/node_modules/express/lib/router/route.js:137:13)
    at Route.dispatch (/home/csugrads/oldin002/DuluthBikes/node/node_modules/express/lib/router/route.js:112:3)
    at Layer.handle [as handle_request] (/home/csugrads/oldin002/DuluthBikes/node/node_modules/express/lib/router/layer.js:95:5)
    at /home/csugrads/oldin002/DuluthBikes/node/node_modules/express/lib/router/index.js:281:22
    at Function.process_params (/home/csugrads/oldin002/DuluthBikes/node/node_modules/express/lib/router/index.js:335:12)
    at next (/home/csugrads/oldin002/DuluthBikes/node/node_modules/express/lib/router/index.js:275:10)
    at /home/csugrads/oldin002/DuluthBikes/node/node_modules/body-parser/lib/read.js:129:5
    at invokeCallback (/home/csugrads/oldin002/DuluthBikes/node/node_modules/raw-body/index.js:262:16)
ReferenceError: doc is not defined
    at /home/csugrads/oldin002/DuluthBikes/node/index.js:129:30
    at Layer.handle [as handle_request] (/home/csugrads/oldin002/DuluthBikes/node/node_modules/express/lib/router/layer.js:95:5)
    at next (/home/csugrads/oldin002/DuluthBikes/node/node_modules/express/lib/router/route.js:137:13)
    at Route.dispatch (/home/csugrads/oldin002/DuluthBikes/node/node_modules/express/lib/router/route.js:112:3)
    at Layer.handle [as handle_request] (/home/csugrads/oldin002/DuluthBikes/node/node_modules/express/lib/router/layer.js:95:5)
    at /home/csugrads/oldin002/DuluthBikes/node/node_modules/express/lib/router/index.js:281:22
    at Function.process_params (/home/csugrads/oldin002/DuluthBikes/node/node_modules/express/lib/router/index.js:335:12)
    at next (/home/csugrads/oldin002/DuluthBikes/node/node_modules/express/lib/router/index.js:275:10)
    at /home/csugrads/oldin002/DuluthBikes/node/node_modules/body-parser/lib/read.js:129:5
    at invokeCallback (/home/csugrads/oldin002/DuluthBikes/node/node_modules/raw-body/index.js:262:16)
ReferenceError: doc is not defined
    at /home/csugrads/oldin002/DuluthBikes/node/index.js:132:30
    at Layer.handle [as handle_request] (/home/csugrads/oldin002/DuluthBikes/node/node_modules/express/lib/router/layer.js:95:5)
    at next (/home/csugrads/oldin002/DuluthBikes/node/node_modules/express/lib/router/route.js:137:13)
    at Route.dispatch (/home/csugrads/oldin002/DuluthBikes/node/node_modules/express/lib/router/route.js:112:3)
    at Layer.handle [as handle_request] (/home/csugrads/oldin002/DuluthBikes/node/node_modules/express/lib/router/layer.js:95:5)
    at /home/csugrads/oldin002/DuluthBikes/node/node_modules/express/lib/router/index.js:281:22
    at Function.process_params (/home/csugrads/oldin002/DuluthBikes/node/node_modules/express/lib/router/index.js:335:12)
    at next (/home/csugrads/oldin002/DuluthBikes/node/node_modules/express/lib/router/index.js:275:10)
    at /home/csugrads/oldin002/DuluthBikes/node/node_modules/body-parser/lib/read.js:129:5
    at invokeCallback (/home/csugrads/oldin002/DuluthBikes/node/node_modules/raw-body/index.js:262:16)
ReferenceError: doc is not defined
    at /home/csugrads/oldin002/DuluthBikes/node/index.js:132:30
    at Layer.handle [as handle_request] (/home/csugrads/oldin002/DuluthBikes/node/node_modules/express/lib/router/layer.js:95:5)
    at next (/home/csugrads/oldin002/DuluthBikes/node/node_modules/express/lib/router/route.js:137:13)
    at Route.dispatch (/home/csugrads/oldin002/DuluthBikes/node/node_modules/express/lib/router/route.js:112:3)
    at Layer.handle [as handle_request] (/home/csugrads/oldin002/DuluthBikes/node/node_modules/express/lib/router/layer.js:95:5)
    at /home/csugrads/oldin002/DuluthBikes/node/node_modules/express/lib/router/index.js:281:22
    at Function.process_params (/home/csugrads/oldin002/DuluthBikes/node/node_modules/express/lib/router/index.js:335:12)
    at next (/home/csugrads/oldin002/DuluthBikes/node/node_modules/express/lib/router/index.js:275:10)
    at /home/csugrads/oldin002/DuluthBikes/node/node_modules/body-parser/lib/read.js:129:5
    at invokeCallback (/home/csugrads/oldin002/DuluthBikes/node/node_modules/raw-body/index.js:262:16)
ReferenceError: doc is not defined
    at /home/csugrads/oldin002/DuluthBikes/node/index.js:132:30
    at Layer.handle [as handle_request] (/home/csugrads/oldin002/DuluthBikes/node/node_modules/express/lib/router/layer.js:95:5)
    at next (/home/csugrads/oldin002/DuluthBikes/node/node_modules/express/lib/router/route.js:137:13)
    at Route.dispatch (/home/csugrads/oldin002/DuluthBikes/node/node_modules/express/lib/router/route.js:112:3)
    at Layer.handle [as handle_request] (/home/csugrads/oldin002/DuluthBikes/node/node_modules/express/lib/router/layer.js:95:5)
    at /home/csugrads/oldin002/DuluthBikes/node/node_modules/express/lib/router/index.js:281:22
    at Function.process_params (/home/csugrads/oldin002/DuluthBikes/node/node_modules/express/lib/router/index.js:335:12)
    at next (/home/csugrads/oldin002/DuluthBikes/node/node_modules/express/lib/router/index.js:275:10)
    at /home/csugrads/oldin002/DuluthBikes/node/node_modules/body-parser/lib/read.js:129:5
    at invokeCallback (/home/csugrads/oldin002/DuluthBikes/node/node_modules/raw-body/index.js:262:16)
ReferenceError: doc is not defined
    at /home/csugrads/oldin002/DuluthBikes/node/index.js:132:30
    at Layer.handle [as handle_request] (/home/csugrads/oldin002/DuluthBikes/node/node_modules/express/lib/router/layer.js:95:5)
    at next (/home/csugrads/oldin002/DuluthBikes/node/node_modules/express/lib/router/route.js:137:13)
    at Route.dispatch (/home/csugrads/oldin002/DuluthBikes/node/node_modules/express/lib/router/route.js:112:3)
    at Layer.handle [as handle_request] (/home/csugrads/oldin002/DuluthBikes/node/node_modules/express/lib/router/layer.js:95:5)
    at /home/csugrads/oldin002/DuluthBikes/node/node_modules/express/lib/router/index.js:281:22
    at Function.process_params (/home/csugrads/oldin002/DuluthBikes/node/node_modules/express/lib/router/index.js:335:12)
    at next (/home/csugrads/oldin002/DuluthBikes/node/node_modules/express/lib/router/index.js:275:10)
    at /home/csugrads/oldin002/DuluthBikes/node/node_modules/body-parser/lib/read.js:129:5
    at invokeCallback (/home/csugrads/oldin002/DuluthBikes/node/node_modules/raw-body/index.js:262:16)
ReferenceError: doc is not defined
    at /home/csugrads/oldin002/DuluthBikes/node/index.js:132:30
    at Layer.handle [as handle_request] (/home/csugrads/oldin002/DuluthBikes/node/node_modules/express/lib/router/layer.js:95:5)
    at next (/home/csugrads/oldin002/DuluthBikes/node/node_modules/express/lib/router/route.js:137:13)
    at Route.dispatch (/home/csugrads/oldin002/DuluthBikes/node/node_modules/express/lib/router/route.js:112:3)
    at Layer.handle [as handle_request] (/home/csugrads/oldin002/DuluthBikes/node/node_modules/express/lib/router/layer.js:95:5)
    at /home/csugrads/oldin002/DuluthBikes/node/node_modules/express/lib/router/index.js:281:22
    at Function.process_params (/home/csugrads/oldin002/DuluthBikes/node/node_modules/express/lib/router/index.js:335:12)
    at next (/home/csugrads/oldin002/DuluthBikes/node/node_modules/express/lib/router/index.js:275:10)
    at /home/csugrads/oldin002/DuluthBikes/node/node_modules/body-parser/lib/read.js:129:5
    at invokeCallback (/home/csugrads/oldin002/DuluthBikes/node/node_modules/raw-body/index.js:262:16)
ReferenceError: doc is not defined
    at /home/csugrads/oldin002/DuluthBikes/node/index.js:132:30
    at Layer.handle [as handle_request] (/home/csugrads/oldin002/DuluthBikes/node/node_modules/express/lib/router/layer.js:95:5)
    at next (/home/csugrads/oldin002/DuluthBikes/node/node_modules/express/lib/router/route.js:137:13)
    at Route.dispatch (/home/csugrads/oldin002/DuluthBikes/node/node_modules/express/lib/router/route.js:112:3)
    at Layer.handle [as handle_request] (/home/csugrads/oldin002/DuluthBikes/node/node_modules/express/lib/router/layer.js:95:5)
    at /home/csugrads/oldin002/DuluthBikes/node/node_modules/express/lib/router/index.js:281:22
    at Function.process_params (/home/csugrads/oldin002/DuluthBikes/node/node_modules/express/lib/router/index.js:335:12)
    at next (/home/csugrads/oldin002/DuluthBikes/node/node_modules/express/lib/router/index.js:275:10)
    at /home/csugrads/oldin002/DuluthBikes/node/node_modules/body-parser/lib/read.js:129:5
    at invokeCallback (/home/csugrads/oldin002/DuluthBikes/node/node_modules/raw-body/index.js:262:16)
ReferenceError: doc is not defined
    at /home/csugrads/oldin002/DuluthBikes/node/index.js:132:30
    at Layer.handle [as handle_request] (/home/csugrads/oldin002/DuluthBikes/node/node_modules/express/lib/router/layer.js:95:5)
    at next (/home/csugrads/oldin002/DuluthBikes/node/node_modules/express/lib/router/route.js:137:13)
    at Route.dispatch (/home/csugrads/oldin002/DuluthBikes/node/node_modules/express/lib/router/route.js:112:3)
    at Layer.handle [as handle_request] (/home/csugrads/oldin002/DuluthBikes/node/node_modules/express/lib/router/layer.js:95:5)
    at /home/csugrads/oldin002/DuluthBikes/node/node_modules/express/lib/router/index.js:281:22
    at Function.process_params (/home/csugrads/oldin002/DuluthBikes/node/node_modules/express/lib/router/index.js:335:12)
    at next (/home/csugrads/oldin002/DuluthBikes/node/node_modules/express/lib/router/index.js:275:10)
    at /home/csugrads/oldin002/DuluthBikes/node/node_modules/body-parser/lib/read.js:129:5
    at invokeCallback (/home/csugrads/oldin002/DuluthBikes/node/node_modules/raw-body/index.js:262:16)
ReferenceError: doc is not defined
    at /home/csugrads/oldin002/DuluthBikes/node/index.js:132:30
    at Layer.handle [as handle_request] (/home/csugrads/oldin002/DuluthBikes/node/node_modules/express/lib/router/layer.js:95:5)
    at next (/home/csugrads/oldin002/DuluthBikes/node/node_modules/express/lib/router/route.js:137:13)
    at Route.dispatch (/home/csugrads/oldin002/DuluthBikes/node/node_modules/express/lib/router/route.js:112:3)
    at Layer.handle [as handle_request] (/home/csugrads/oldin002/DuluthBikes/node/node_modules/express/lib/router/layer.js:95:5)
    at /home/csugrads/oldin002/DuluthBikes/node/node_modules/express/lib/router/index.js:281:22
    at Function.process_params (/home/csugrads/oldin002/DuluthBikes/node/node_modules/express/lib/router/index.js:335:12)
    at next (/home/csugrads/oldin002/DuluthBikes/node/node_modules/express/lib/router/index.js:275:10)
    at /home/csugrads/oldin002/DuluthBikes/node/node_modules/body-parser/lib/read.js:129:5
    at invokeCallback (/home/csugrads/oldin002/DuluthBikes/node/node_modules/raw-body/index.js:262:16)
ReferenceError: doc is not defined
    at /home/csugrads/oldin002/DuluthBikes/node/index.js:132:30
    at Layer.handle [as handle_request] (/home/csugrads/oldin002/DuluthBikes/node/node_modules/express/lib/router/layer.js:95:5)
    at next (/home/csugrads/oldin002/DuluthBikes/node/node_modules/express/lib/router/route.js:137:13)
    at Route.dispatch (/home/csugrads/oldin002/DuluthBikes/node/node_modules/express/lib/router/route.js:112:3)
    at Layer.handle [as handle_request] (/home/csugrads/oldin002/DuluthBikes/node/node_modules/express/lib/router/layer.js:95:5)
    at /home/csugrads/oldin002/DuluthBikes/node/node_modules/express/lib/router/index.js:281:22
    at Function.process_params (/home/csugrads/oldin002/DuluthBikes/node/node_modules/express/lib/router/index.js:335:12)
    at next (/home/csugrads/oldin002/DuluthBikes/node/node_modules/express/lib/router/index.js:275:10)
    at /home/csugrads/oldin002/DuluthBikes/node/node_modules/body-parser/lib/read.js:129:5
    at invokeCallback (/home/csugrads/oldin002/DuluthBikes/node/node_modules/raw-body/index.js:262:16)
ReferenceError: doc is not defined
    at /home/csugrads/oldin002/DuluthBikes/node/index.js:132:30
    at Layer.handle [as handle_request] (/home/csugrads/oldin002/DuluthBikes/node/node_modules/express/lib/router/layer.js:95:5)
    at next (/home/csugrads/oldin002/DuluthBikes/node/node_modules/express/lib/router/route.js:137:13)
    at Route.dispatch (/home/csugrads/oldin002/DuluthBikes/node/node_modules/express/lib/router/route.js:112:3)
    at Layer.handle [as handle_request] (/home/csugrads/oldin002/DuluthBikes/node/node_modules/express/lib/router/layer.js:95:5)
    at /home/csugrads/oldin002/DuluthBikes/node/node_modules/express/lib/router/index.js:281:22
    at Function.process_params (/home/csugrads/oldin002/DuluthBikes/node/node_modules/express/lib/router/index.js:335:12)
    at next (/home/csugrads/oldin002/DuluthBikes/node/node_modules/express/lib/router/index.js:275:10)
    at /home/csugrads/oldin002/DuluthBikes/node/node_modules/body-parser/lib/read.js:129:5
    at invokeCallback (/home/csugrads/oldin002/DuluthBikes/node/node_modules/raw-body/index.js:262:16)
ReferenceError: doc is not defined
    at /home/csugrads/oldin002/DuluthBikes/node/index.js:132:30
    at Layer.handle [as handle_request] (/home/csugrads/oldin002/DuluthBikes/node/node_modules/express/lib/router/layer.js:95:5)
    at next (/home/csugrads/oldin002/DuluthBikes/node/node_modules/express/lib/router/route.js:137:13)
    at Route.dispatch (/home/csugrads/oldin002/DuluthBikes/node/node_modules/express/lib/router/route.js:112:3)
    at Layer.handle [as handle_request] (/home/csugrads/oldin002/DuluthBikes/node/node_modules/express/lib/router/layer.js:95:5)
    at /home/csugrads/oldin002/DuluthBikes/node/node_modules/express/lib/router/index.js:281:22
    at Function.process_params (/home/csugrads/oldin002/DuluthBikes/node/node_modules/express/lib/router/index.js:335:12)
    at next (/home/csugrads/oldin002/DuluthBikes/node/node_modules/express/lib/router/index.js:275:10)
    at /home/csugrads/oldin002/DuluthBikes/node/node_modules/body-parser/lib/read.js:129:5
    at invokeCallback (/home/csugrads/oldin002/DuluthBikes/node/node_modules/raw-body/index.js:262:16)
ReferenceError: doc is not defined
    at /home/csugrads/oldin002/DuluthBikes/node/index.js:132:30
    at Layer.handle [as handle_request] (/home/csugrads/oldin002/DuluthBikes/node/node_modules/express/lib/router/layer.js:95:5)
    at next (/home/csugrads/oldin002/DuluthBikes/node/node_modules/express/lib/router/route.js:137:13)
    at Route.dispatch (/home/csugrads/oldin002/DuluthBikes/node/node_modules/express/lib/router/route.js:112:3)
    at Layer.handle [as handle_request] (/home/csugrads/oldin002/DuluthBikes/node/node_modules/express/lib/router/layer.js:95:5)
    at /home/csugrads/oldin002/DuluthBikes/node/node_modules/express/lib/router/index.js:281:22
    at Function.process_params (/home/csugrads/oldin002/DuluthBikes/node/node_modules/express/lib/router/index.js:335:12)
    at next (/home/csugrads/oldin002/DuluthBikes/node/node_modules/express/lib/router/index.js:275:10)
    at /home/csugrads/oldin002/DuluthBikes/node/node_modules/body-parser/lib/read.js:129:5
    at invokeCallback (/home/csugrads/oldin002/DuluthBikes/node/node_modules/raw-body/index.js:262:16)
ReferenceError: doc is not defined
    at /home/csugrads/oldin002/DuluthBikes/node/index.js:132:30
    at Layer.handle [as handle_request] (/home/csugrads/oldin002/DuluthBikes/node/node_modules/express/lib/router/layer.js:95:5)
    at next (/home/csugrads/oldin002/DuluthBikes/node/node_modules/express/lib/router/route.js:137:13)
    at Route.dispatch (/home/csugrads/oldin002/DuluthBikes/node/node_modules/express/lib/router/route.js:112:3)
    at Layer.handle [as handle_request] (/home/csugrads/oldin002/DuluthBikes/node/node_modules/express/lib/router/layer.js:95:5)
    at /home/csugrads/oldin002/DuluthBikes/node/node_modules/express/lib/router/index.js:281:22
    at Function.process_params (/home/csugrads/oldin002/DuluthBikes/node/node_modules/express/lib/router/index.js:335:12)
    at next (/home/csugrads/oldin002/DuluthBikes/node/node_modules/express/lib/router/index.js:275:10)
    at /home/csugrads/oldin002/DuluthBikes/node/node_modules/body-parser/lib/read.js:129:5
    at invokeCallback (/home/csugrads/oldin002/DuluthBikes/node/node_modules/raw-body/index.js:262:16)
ReferenceError: doc is not defined
    at /home/csugrads/oldin002/DuluthBikes/node/index.js:132:30
    at Layer.handle [as handle_request] (/home/csugrads/oldin002/DuluthBikes/node/node_modules/express/lib/router/layer.js:95:5)
    at next (/home/csugrads/oldin002/DuluthBikes/node/node_modules/express/lib/router/route.js:137:13)
    at Route.dispatch (/home/csugrads/oldin002/DuluthBikes/node/node_modules/express/lib/router/route.js:112:3)
    at Layer.handle [as handle_request] (/home/csugrads/oldin002/DuluthBikes/node/node_modules/express/lib/router/layer.js:95:5)
    at /home/csugrads/oldin002/DuluthBikes/node/node_modules/express/lib/router/index.js:281:22
    at Function.process_params (/home/csugrads/oldin002/DuluthBikes/node/node_modules/express/lib/router/index.js:335:12)
    at next (/home/csugrads/oldin002/DuluthBikes/node/node_modules/express/lib/router/index.js:275:10)
    at /home/csugrads/oldin002/DuluthBikes/node/node_modules/body-parser/lib/read.js:129:5
    at invokeCallback (/home/csugrads/oldin002/DuluthBikes/node/node_modules/raw-body/index.js:262:16)
ReferenceError: doc is not defined
    at /home/csugrads/oldin002/DuluthBikes/node/index.js:132:30
    at Layer.handle [as handle_request] (/home/csugrads/oldin002/DuluthBikes/node/node_modules/express/lib/router/layer.js:95:5)
    at next (/home/csugrads/oldin002/DuluthBikes/node/node_modules/express/lib/router/route.js:137:13)
    at Route.dispatch (/home/csugrads/oldin002/DuluthBikes/node/node_modules/express/lib/router/route.js:112:3)
    at Layer.handle [as handle_request] (/home/csugrads/oldin002/DuluthBikes/node/node_modules/express/lib/router/layer.js:95:5)
    at /home/csugrads/oldin002/DuluthBikes/node/node_modules/express/lib/router/index.js:281:22
    at Function.process_params (/home/csugrads/oldin002/DuluthBikes/node/node_modules/express/lib/router/index.js:335:12)
    at next (/home/csugrads/oldin002/DuluthBikes/node/node_modules/express/lib/router/index.js:275:10)
    at /home/csugrads/oldin002/DuluthBikes/node/node_modules/body-parser/lib/read.js:129:5
    at invokeCallback (/home/csugrads/oldin002/DuluthBikes/node/node_modules/raw-body/index.js:262:16)
ReferenceError: doc is not defined
    at /home/csugrads/oldin002/DuluthBikes/node/index.js:132:30
    at Layer.handle [as handle_request] (/home/csugrads/oldin002/DuluthBikes/node/node_modules/express/lib/router/layer.js:95:5)
    at next (/home/csugrads/oldin002/DuluthBikes/node/node_modules/express/lib/router/route.js:137:13)
    at Route.dispatch (/home/csugrads/oldin002/DuluthBikes/node/node_modules/express/lib/router/route.js:112:3)
    at Layer.handle [as handle_request] (/home/csugrads/oldin002/DuluthBikes/node/node_modules/express/lib/router/layer.js:95:5)
    at /home/csugrads/oldin002/DuluthBikes/node/node_modules/express/lib/router/index.js:281:22
    at Function.process_params (/home/csugrads/oldin002/DuluthBikes/node/node_modules/express/lib/router/index.js:335:12)
    at next (/home/csugrads/oldin002/DuluthBikes/node/node_modules/express/lib/router/index.js:275:10)
    at /home/csugrads/oldin002/DuluthBikes/node/node_modules/body-parser/lib/read.js:129:5
    at invokeCallback (/home/csugrads/oldin002/DuluthBikes/node/node_modules/raw-body/index.js:262:16)
ReferenceError: doc is not defined
    at /home/csugrads/oldin002/DuluthBikes/node/index.js:132:30
    at Layer.handle [as handle_request] (/home/csugrads/oldin002/DuluthBikes/node/node_modules/express/lib/router/layer.js:95:5)
    at next (/home/csugrads/oldin002/DuluthBikes/node/node_modules/express/lib/router/route.js:137:13)
    at Route.dispatch (/home/csugrads/oldin002/DuluthBikes/node/node_modules/express/lib/router/route.js:112:3)
    at Layer.handle [as handle_request] (/home/csugrads/oldin002/DuluthBikes/node/node_modules/express/lib/router/layer.js:95:5)
    at /home/csugrads/oldin002/DuluthBikes/node/node_modules/express/lib/router/index.js:281:22
    at Function.process_params (/home/csugrads/oldin002/DuluthBikes/node/node_modules/express/lib/router/index.js:335:12)
    at next (/home/csugrads/oldin002/DuluthBikes/node/node_modules/express/lib/router/index.js:275:10)
    at /home/csugrads/oldin002/DuluthBikes/node/node_modules/body-parser/lib/read.js:129:5
    at invokeCallback (/home/csugrads/oldin002/DuluthBikes/node/node_modules/raw-body/index.js:262:16)
ReferenceError: doc is not defined
    at /home/csugrads/oldin002/DuluthBikes/node/index.js:132:30
    at Layer.handle [as handle_request] (/home/csugrads/oldin002/DuluthBikes/node/node_modules/express/lib/router/layer.js:95:5)
    at next (/home/csugrads/oldin002/DuluthBikes/node/node_modules/express/lib/router/route.js:137:13)
    at Route.dispatch (/home/csugrads/oldin002/DuluthBikes/node/node_modules/express/lib/router/route.js:112:3)
    at Layer.handle [as handle_request] (/home/csugrads/oldin002/DuluthBikes/node/node_modules/express/lib/router/layer.js:95:5)
    at /home/csugrads/oldin002/DuluthBikes/node/node_modules/express/lib/router/index.js:281:22
    at Function.process_params (/home/csugrads/oldin002/DuluthBikes/node/node_modules/express/lib/router/index.js:335:12)
    at next (/home/csugrads/oldin002/DuluthBikes/node/node_modules/express/lib/router/index.js:275:10)
    at /home/csugrads/oldin002/DuluthBikes/node/node_modules/body-parser/lib/read.js:129:5
    at invokeCallback (/home/csugrads/oldin002/DuluthBikes/node/node_modules/raw-body/index.js:262:16)
ReferenceError: doc is not defined
    at /home/csugrads/oldin002/DuluthBikes/node/index.js:132:30
    at Layer.handle [as handle_request] (/home/csugrads/oldin002/DuluthBikes/node/node_modules/express/lib/router/layer.js:95:5)
    at next (/home/csugrads/oldin002/DuluthBikes/node/node_modules/express/lib/router/route.js:137:13)
    at Route.dispatch (/home/csugrads/oldin002/DuluthBikes/node/node_modules/express/lib/router/route.js:112:3)
    at Layer.handle [as handle_request] (/home/csugrads/oldin002/DuluthBikes/node/node_modules/express/lib/router/layer.js:95:5)
    at /home/csugrads/oldin002/DuluthBikes/node/node_modules/express/lib/router/index.js:281:22
    at Function.process_params (/home/csugrads/oldin002/DuluthBikes/node/node_modules/express/lib/router/index.js:335:12)
    at next (/home/csugrads/oldin002/DuluthBikes/node/node_modules/express/lib/router/index.js:275:10)
    at /home/csugrads/oldin002/DuluthBikes/node/node_modules/body-parser/lib/read.js:129:5
    at invokeCallback (/home/csugrads/oldin002/DuluthBikes/node/node_modules/raw-body/index.js:262:16)
ReferenceError: doc is not defined
    at /home/csugrads/oldin002/DuluthBikes/node/index.js:132:30
    at Layer.handle [as handle_request] (/home/csugrads/oldin002/DuluthBikes/node/node_modules/express/lib/router/layer.js:95:5)
    at next (/home/csugrads/oldin002/DuluthBikes/node/node_modules/express/lib/router/route.js:137:13)
    at Route.dispatch (/home/csugrads/oldin002/DuluthBikes/node/node_modules/express/lib/router/route.js:112:3)
    at Layer.handle [as handle_request] (/home/csugrads/oldin002/DuluthBikes/node/node_modules/express/lib/router/layer.js:95:5)
    at /home/csugrads/oldin002/DuluthBikes/node/node_modules/express/lib/router/index.js:281:22
    at Function.process_params (/home/csugrads/oldin002/DuluthBikes/node/node_modules/express/lib/router/index.js:335:12)
    at next (/home/csugrads/oldin002/DuluthBikes/node/node_modules/express/lib/router/index.js:275:10)
    at /home/csugrads/oldin002/DuluthBikes/node/node_modules/body-parser/lib/read.js:129:5
    at invokeCallback (/home/csugrads/oldin002/DuluthBikes/node/node_modules/raw-body/index.js:262:16)
ReferenceError: doc is not defined
    at /home/csugrads/oldin002/DuluthBikes/node/index.js:132:30
    at Layer.handle [as handle_request] (/home/csugrads/oldin002/DuluthBikes/node/node_modules/express/lib/router/layer.js:95:5)
    at next (/home/csugrads/oldin002/DuluthBikes/node/node_modules/express/lib/router/route.js:137:13)
    at Route.dispatch (/home/csugrads/oldin002/DuluthBikes/node/node_modules/express/lib/router/route.js:112:3)
    at Layer.handle [as handle_request] (/home/csugrads/oldin002/DuluthBikes/node/node_modules/express/lib/router/layer.js:95:5)
    at /home/csugrads/oldin002/DuluthBikes/node/node_modules/express/lib/router/index.js:281:22
    at Function.process_params (/home/csugrads/oldin002/DuluthBikes/node/node_modules/express/lib/router/index.js:335:12)
    at next (/home/csugrads/oldin002/DuluthBikes/node/node_modules/express/lib/router/index.js:275:10)
    at /home/csugrads/oldin002/DuluthBikes/node/node_modules/body-parser/lib/read.js:129:5
    at invokeCallback (/home/csugrads/oldin002/DuluthBikes/node/node_modules/raw-body/index.js:262:16)
ReferenceError: doc is not defined
    at /home/csugrads/oldin002/DuluthBikes/node/index.js:132:30
    at Layer.handle [as handle_request] (/home/csugrads/oldin002/DuluthBikes/node/node_modules/express/lib/router/layer.js:95:5)
    at next (/home/csugrads/oldin002/DuluthBikes/node/node_modules/express/lib/router/route.js:137:13)
    at Route.dispatch (/home/csugrads/oldin002/DuluthBikes/node/node_modules/express/lib/router/route.js:112:3)
    at Layer.handle [as handle_request] (/home/csugrads/oldin002/DuluthBikes/node/node_modules/express/lib/router/layer.js:95:5)
    at /home/csugrads/oldin002/DuluthBikes/node/node_modules/express/lib/router/index.js:281:22
    at Function.process_params (/home/csugrads/oldin002/DuluthBikes/node/node_modules/express/lib/router/index.js:335:12)
    at next (/home/csugrads/oldin002/DuluthBikes/node/node_modules/express/lib/router/index.js:275:10)
    at /home/csugrads/oldin002/DuluthBikes/node/node_modules/body-parser/lib/read.js:129:5
    at invokeCallback (/home/csugrads/oldin002/DuluthBikes/node/node_modules/raw-body/index.js:262:16)
ReferenceError: doc is not defined
    at /home/csugrads/oldin002/DuluthBikes/node/index.js:132:30
    at Layer.handle [as handle_request] (/home/csugrads/oldin002/DuluthBikes/node/node_modules/express/lib/router/layer.js:95:5)
    at next (/home/csugrads/oldin002/DuluthBikes/node/node_modules/express/lib/router/route.js:137:13)
    at Route.dispatch (/home/csugrads/oldin002/DuluthBikes/node/node_modules/express/lib/router/route.js:112:3)
    at Layer.handle [as handle_request] (/home/csugrads/oldin002/DuluthBikes/node/node_modules/express/lib/router/layer.js:95:5)
    at /home/csugrads/oldin002/DuluthBikes/node/node_modules/express/lib/router/index.js:281:22
    at Function.process_params (/home/csugrads/oldin002/DuluthBikes/node/node_modules/express/lib/router/index.js:335:12)
    at next (/home/csugrads/oldin002/DuluthBikes/node/node_modules/express/lib/router/index.js:275:10)
    at /home/csugrads/oldin002/DuluthBikes/node/node_modules/body-parser/lib/read.js:129:5
    at invokeCallback (/home/csugrads/oldin002/DuluthBikes/node/node_modules/raw-body/index.js:262:16)
ReferenceError: doc is not defined
    at /home/csugrads/oldin002/DuluthBikes/node/index.js:132:30
    at Layer.handle [as handle_request] (/home/csugrads/oldin002/DuluthBikes/node/node_modules/express/lib/router/layer.js:95:5)
    at next (/home/csugrads/oldin002/DuluthBikes/node/node_modules/express/lib/router/route.js:137:13)
    at Route.dispatch (/home/csugrads/oldin002/DuluthBikes/node/node_modules/express/lib/router/route.js:112:3)
    at Layer.handle [as handle_request] (/home/csugrads/oldin002/DuluthBikes/node/node_modules/express/lib/router/layer.js:95:5)
    at /home/csugrads/oldin002/DuluthBikes/node/node_modules/express/lib/router/index.js:281:22
    at Function.process_params (/home/csugrads/oldin002/DuluthBikes/node/node_modules/express/lib/router/index.js:335:12)
    at next (/home/csugrads/oldin002/DuluthBikes/node/node_modules/express/lib/router/index.js:275:10)
    at /home/csugrads/oldin002/DuluthBikes/node/node_modules/body-parser/lib/read.js:129:5
    at invokeCallback (/home/csugrads/oldin002/DuluthBikes/node/node_modules/raw-body/index.js:262:16)
ReferenceError: doc is not defined
    at /home/csugrads/oldin002/DuluthBikes/node/index.js:132:30
    at Layer.handle [as handle_request] (/home/csugrads/oldin002/DuluthBikes/node/node_modules/express/lib/router/layer.js:95:5)
    at next (/home/csugrads/oldin002/DuluthBikes/node/node_modules/express/lib/router/route.js:137:13)
    at Route.dispatch (/home/csugrads/oldin002/DuluthBikes/node/node_modules/express/lib/router/route.js:112:3)
    at Layer.handle [as handle_request] (/home/csugrads/oldin002/DuluthBikes/node/node_modules/express/lib/router/layer.js:95:5)
    at /home/csugrads/oldin002/DuluthBikes/node/node_modules/express/lib/router/index.js:281:22
    at Function.process_params (/home/csugrads/oldin002/DuluthBikes/node/node_modules/express/lib/router/index.js:335:12)
    at next (/home/csugrads/oldin002/DuluthBikes/node/node_modules/express/lib/router/index.js:275:10)
    at /home/csugrads/oldin002/DuluthBikes/node/node_modules/body-parser/lib/read.js:129:5
    at invokeCallback (/home/csugrads/oldin002/DuluthBikes/node/node_modules/raw-body/index.js:262:16)
ReferenceError: doc is not defined
    at /home/csugrads/oldin002/DuluthBikes/node/index.js:132:30
    at Layer.handle [as handle_request] (/home/csugrads/oldin002/DuluthBikes/node/node_modules/express/lib/router/layer.js:95:5)
    at next (/home/csugrads/oldin002/DuluthBikes/node/node_modules/express/lib/router/route.js:137:13)
    at Route.dispatch (/home/csugrads/oldin002/DuluthBikes/node/node_modules/express/lib/router/route.js:112:3)
    at Layer.handle [as handle_request] (/home/csugrads/oldin002/DuluthBikes/node/node_modules/express/lib/router/layer.js:95:5)
    at /home/csugrads/oldin002/DuluthBikes/node/node_modules/express/lib/router/index.js:281:22
    at Function.process_params (/home/csugrads/oldin002/DuluthBikes/node/node_modules/express/lib/router/index.js:335:12)
    at next (/home/csugrads/oldin002/DuluthBikes/node/node_modules/express/lib/router/index.js:275:10)
    at /home/csugrads/oldin002/DuluthBikes/node/node_modules/body-parser/lib/read.js:129:5
    at invokeCallback (/home/csugrads/oldin002/DuluthBikes/node/node_modules/raw-body/index.js:262:16)
ReferenceError: doc is not defined
    at /home/csugrads/oldin002/DuluthBikes/node/index.js:132:30
    at Layer.handle [as handle_request] (/home/csugrads/oldin002/DuluthBikes/node/node_modules/express/lib/router/layer.js:95:5)
    at next (/home/csugrads/oldin002/DuluthBikes/node/node_modules/express/lib/router/route.js:137:13)
    at Route.dispatch (/home/csugrads/oldin002/DuluthBikes/node/node_modules/express/lib/router/route.js:112:3)
    at Layer.handle [as handle_request] (/home/csugrads/oldin002/DuluthBikes/node/node_modules/express/lib/router/layer.js:95:5)
    at /home/csugrads/oldin002/DuluthBikes/node/node_modules/express/lib/router/index.js:281:22
    at Function.process_params (/home/csugrads/oldin002/DuluthBikes/node/node_modules/express/lib/router/index.js:335:12)
    at next (/home/csugrads/oldin002/DuluthBikes/node/node_modules/express/lib/router/index.js:275:10)
    at /home/csugrads/oldin002/DuluthBikes/node/node_modules/body-parser/lib/read.js:129:5
    at invokeCallback (/home/csugrads/oldin002/DuluthBikes/node/node_modules/raw-body/index.js:262:16)
ReferenceError: doc is not defined
    at /home/csugrads/oldin002/DuluthBikes/node/index.js:132:30
    at Layer.handle [as handle_request] (/home/csugrads/oldin002/DuluthBikes/node/node_modules/express/lib/router/layer.js:95:5)
    at next (/home/csugrads/oldin002/DuluthBikes/node/node_modules/express/lib/router/route.js:137:13)
    at Route.dispatch (/home/csugrads/oldin002/DuluthBikes/node/node_modules/express/lib/router/route.js:112:3)
    at Layer.handle [as handle_request] (/home/csugrads/oldin002/DuluthBikes/node/node_modules/express/lib/router/layer.js:95:5)
    at /home/csugrads/oldin002/DuluthBikes/node/node_modules/express/lib/router/index.js:281:22
    at Function.process_params (/home/csugrads/oldin002/DuluthBikes/node/node_modules/express/lib/router/index.js:335:12)
    at next (/home/csugrads/oldin002/DuluthBikes/node/node_modules/express/lib/router/index.js:275:10)
    at /home/csugrads/oldin002/DuluthBikes/node/node_modules/body-parser/lib/read.js:129:5
    at invokeCallback (/home/csugrads/oldin002/DuluthBikes/node/node_modules/raw-body/index.js:262:16)
ReferenceError: doc is not defined
    at /home/csugrads/oldin002/DuluthBikes/node/index.js:132:30
    at Layer.handle [as handle_request] (/home/csugrads/oldin002/DuluthBikes/node/node_modules/express/lib/router/layer.js:95:5)
    at next (/home/csugrads/oldin002/DuluthBikes/node/node_modules/express/lib/router/route.js:137:13)
    at Route.dispatch (/home/csugrads/oldin002/DuluthBikes/node/node_modules/express/lib/router/route.js:112:3)
    at Layer.handle [as handle_request] (/home/csugrads/oldin002/DuluthBikes/node/node_modules/express/lib/router/layer.js:95:5)
    at /home/csugrads/oldin002/DuluthBikes/node/node_modules/express/lib/router/index.js:281:22
    at Function.process_params (/home/csugrads/oldin002/DuluthBikes/node/node_modules/express/lib/router/index.js:335:12)
    at next (/home/csugrads/oldin002/DuluthBikes/node/node_modules/express/lib/router/index.js:275:10)
    at /home/csugrads/oldin002/DuluthBikes/node/node_modules/body-parser/lib/read.js:129:5
    at invokeCallback (/home/csugrads/oldin002/DuluthBikes/node/node_modules/raw-body/index.js:262:16)
ReferenceError: doc is not defined
    at /home/csugrads/oldin002/DuluthBikes/node/index.js:132:30
    at Layer.handle [as handle_request] (/home/csugrads/oldin002/DuluthBikes/node/node_modules/express/lib/router/layer.js:95:5)
    at next (/home/csugrads/oldin002/DuluthBikes/node/node_modules/express/lib/router/route.js:137:13)
    at Route.dispatch (/home/csugrads/oldin002/DuluthBikes/node/node_modules/express/lib/router/route.js:112:3)
    at Layer.handle [as handle_request] (/home/csugrads/oldin002/DuluthBikes/node/node_modules/express/lib/router/layer.js:95:5)
    at /home/csugrads/oldin002/DuluthBikes/node/node_modules/express/lib/router/index.js:281:22
    at Function.process_params (/home/csugrads/oldin002/DuluthBikes/node/node_modules/express/lib/router/index.js:335:12)
    at next (/home/csugrads/oldin002/DuluthBikes/node/node_modules/express/lib/router/index.js:275:10)
    at /home/csugrads/oldin002/DuluthBikes/node/node_modules/body-parser/lib/read.js:129:5
    at invokeCallback (/home/csugrads/oldin002/DuluthBikes/node/node_modules/raw-body/index.js:262:16)
Error: request entity too large
    at readStream (/home/csugrads/oldin002/DuluthBikes/node/node_modules/raw-body/index.js:196:17)
    at getRawBody (/home/csugrads/oldin002/DuluthBikes/node/node_modules/raw-body/index.js:106:12)
    at read (/home/csugrads/oldin002/DuluthBikes/node/node_modules/body-parser/lib/read.js:76:3)
    at jsonParser (/home/csugrads/oldin002/DuluthBikes/node/node_modules/body-parser/lib/types/json.js:127:5)
    at Layer.handle [as handle_request] (/home/csugrads/oldin002/DuluthBikes/node/node_modules/express/lib/router/layer.js:95:5)
    at trim_prefix (/home/csugrads/oldin002/DuluthBikes/node/node_modules/express/lib/router/index.js:317:13)
    at /home/csugrads/oldin002/DuluthBikes/node/node_modules/express/lib/router/index.js:284:7
    at Function.process_params (/home/csugrads/oldin002/DuluthBikes/node/node_modules/express/lib/router/index.js:335:12)
    at next (/home/csugrads/oldin002/DuluthBikes/node/node_modules/express/lib/router/index.js:275:10)
    at urlencodedParser (/home/csugrads/oldin002/DuluthBikes/node/node_modules/body-parser/lib/types/urlencoded.js:100:7)
Error: request entity too large
    at readStream (/home/csugrads/oldin002/DuluthBikes/node/node_modules/raw-body/index.js:196:17)
    at getRawBody (/home/csugrads/oldin002/DuluthBikes/node/node_modules/raw-body/index.js:106:12)
    at read (/home/csugrads/oldin002/DuluthBikes/node/node_modules/body-parser/lib/read.js:76:3)
    at jsonParser (/home/csugrads/oldin002/DuluthBikes/node/node_modules/body-parser/lib/types/json.js:127:5)
    at Layer.handle [as handle_request] (/home/csugrads/oldin002/DuluthBikes/node/node_modules/express/lib/router/layer.js:95:5)
    at trim_prefix (/home/csugrads/oldin002/DuluthBikes/node/node_modules/express/lib/router/index.js:317:13)
    at /home/csugrads/oldin002/DuluthBikes/node/node_modules/express/lib/router/index.js:284:7
    at Function.process_params (/home/csugrads/oldin002/DuluthBikes/node/node_modules/express/lib/router/index.js:335:12)
    at next (/home/csugrads/oldin002/DuluthBikes/node/node_modules/express/lib/router/index.js:275:10)
    at urlencodedParser (/home/csugrads/oldin002/DuluthBikes/node/node_modules/body-parser/lib/types/urlencoded.js:100:7)
